d:\pending\wind\samsung\화성\화성 foundry\foundrywind\ezcpp\x64\debug\ezcpp.pch
d:\pending\wind\samsung\화성\화성 foundry\foundrywind\ezcpp\x64\debug\vc120.pdb
d:\pending\wind\samsung\화성\화성 foundry\foundrywind\ezcpp\x64\debug\vc120.idb
d:\pending\wind\samsung\화성\화성 foundry\foundrywind\ezcpp\x64\debug\stdafx.obj
d:\pending\wind\samsung\화성\화성 foundry\foundrywind\ezcpp\x64\debug\ezcpp.obj
d:\pending\wind\samsung\화성\화성 foundry\foundrywind\spauto\bin\x64\debug\ezcpp.lib
d:\pending\wind\samsung\화성\화성 foundry\foundrywind\spauto\bin\x64\debug\ezcpp.exp
d:\pending\wind\samsung\화성\화성 foundry\foundrywind\spauto\bin\x64\debug\ezcpp.ilk
d:\pending\wind\samsung\화성\화성 foundry\foundrywind\spauto\bin\x64\debug\ezcpp.dll
d:\pending\wind\samsung\화성\화성 foundry\foundrywind\spauto\bin\x64\debug\ezcpp.pdb
d:\pending\wind\samsung\화성\화성 foundry\foundrywind\ezcpp\x64\debug\ezcpp.res
d:\pending\wind\samsung\화성\화성 foundry\foundrywind\ezcpp\x64\debug\ezcpp.tlog\cl.command.1.tlog
d:\pending\wind\samsung\화성\화성 foundry\foundrywind\ezcpp\x64\debug\ezcpp.tlog\cl.read.1.tlog
d:\pending\wind\samsung\화성\화성 foundry\foundrywind\ezcpp\x64\debug\ezcpp.tlog\cl.write.1.tlog
d:\pending\wind\samsung\화성\화성 foundry\foundrywind\ezcpp\x64\debug\ezcpp.tlog\ezcpp.write.1u.tlog
d:\pending\wind\samsung\화성\화성 foundry\foundrywind\ezcpp\x64\debug\ezcpp.tlog\link.command.1.tlog
d:\pending\wind\samsung\화성\화성 foundry\foundrywind\ezcpp\x64\debug\ezcpp.tlog\link.read.1.tlog
d:\pending\wind\samsung\화성\화성 foundry\foundrywind\ezcpp\x64\debug\ezcpp.tlog\link.write.1.tlog
d:\pending\wind\samsung\화성\화성 foundry\foundrywind\ezcpp\x64\debug\ezcpp.tlog\rc.command.1.tlog
d:\pending\wind\samsung\화성\화성 foundry\foundrywind\ezcpp\x64\debug\ezcpp.tlog\rc.read.1.tlog
d:\pending\wind\samsung\화성\화성 foundry\foundrywind\ezcpp\x64\debug\ezcpp.tlog\rc.write.1.tlog
