빌드 시작: 2021-12-14 오전 9:42:47
     1>3 노드의 "C:\Users\nscho\Desktop\spAuto_Foundry_2.1.014_Add RecipeCheck\ezATI3D_CPP\ezATI3D_CPP.vcxproj" 프로젝트(Rebuild 대상)입니다.
     1>ClCompile:
         C:\Program Files (x86)\Microsoft Visual Studio 12.0\VC\bin\x86_amd64\CL.exe /c /I"C:\Program Files\Intel\IPP\5.3.2.073\em64t\include" /Zi /nologo /W3 /WX- /sdl /O2 /Oi /GL /D WIN32 /D NDEBUG /D _LIB /D _UNICODE /D UNICODE /Gm- /EHsc /MD /GS /Gy /fp:precise /Zc:wchar_t /Zc:forScope /Yc"stdafx.h" /Fp"x64\Release\ezATI3D_CPP.pch" /Fo"x64\Release\\" /Fd"x64\Release\vc120.pdb" /Gd /TP /errorReport:prompt stdafx.cpp
         stdafx.cpp
         C:\Program Files (x86)\Microsoft Visual Studio 12.0\VC\bin\x86_amd64\CL.exe /c /I"C:\Program Files\Intel\IPP\5.3.2.073\em64t\include" /Zi /nologo /W3 /WX- /sdl /O2 /Oi /GL /D WIN32 /D NDEBUG /D _LIB /D _UNICODE /D UNICODE /Gm- /EHsc /MD /GS /Gy /fp:precise /Zc:wchar_t /Zc:forScope /Yu"stdafx.h" /Fp"x64\Release\ezATI3D_CPP.pch" /Fo"x64\Release\\" /Fd"x64\Release\vc120.pdb" /Gd /TP /errorReport:prompt ATI3D.cpp ATI3D_Calc.cpp ATI3D_Data.cpp ATI3D_Height.cpp StopWatch.cpp
         ATI3D.cpp
         ATI3D_Calc.cpp
         ATI3D_Data.cpp
         ATI3D_Height.cpp
         StopWatch.cpp
       Lib:
         C:\Program Files (x86)\Microsoft Visual Studio 12.0\VC\bin\x86_amd64\Lib.exe /OUT:"C:\Users\nscho\Desktop\spAuto_Foundry_2.1.014_Add RecipeCheck\x64\Release\ezATI3D_CPP.lib" ippiem64t.lib ippsem64t.lib ippcvem64t.lib ippmem64t.lib ippccem64t.lib ippcoreem64tl.lib /LIBPATH:"C:\Program Files\Intel\IPP\5.3.2.073\em64t\lib" /LIBPATH:"C:\Program Files\Intel\IPP\5.3.2.073\em64t\stublib" /NOLOGO /MACHINE:X64 /LTCG x64\Release\ATI3D.obj
         x64\Release\ATI3D_Calc.obj
         x64\Release\ATI3D_Data.obj
         x64\Release\ATI3D_Height.obj
         x64\Release\stdafx.obj
         x64\Release\StopWatch.obj
     1>ippsem64t.lib(ippsem64t-5.3.dll) : warning LNK4006: __NULL_IMPORT_DESCRIPTOR이(가) ippiem64t.lib(ippiem64t-5.3.dll)에 이미 정의되어 있습니다. 초 정의가 무시됩니다.
     1>ippcvem64t.lib(ippcvem64t-5.3.dll) : warning LNK4006: __NULL_IMPORT_DESCRIPTOR이(가) ippiem64t.lib(ippiem64t-5.3.dll)에 이미 정의되어 있습니다. 초 정의가 무시됩니다.
     1>ippmem64t.lib(ippmem64t-5.3.dll) : warning LNK4006: __NULL_IMPORT_DESCRIPTOR이(가) ippiem64t.lib(ippiem64t-5.3.dll)에 이미 정의되어 있습니다. 초 정의가 무시됩니다.
     1>ippccem64t.lib(ippccem64t-5.3.dll) : warning LNK4006: __NULL_IMPORT_DESCRIPTOR이(가) ippiem64t.lib(ippiem64t-5.3.dll)에 이미 정의되어 있습니다. 초 정의가 무시됩니다.
         ezATI3D_CPP.vcxproj -> C:\Users\nscho\Desktop\spAuto_Foundry_2.1.014_Add RecipeCheck\x64\Release\ezATI3D_CPP.lib
     1>"C:\Users\nscho\Desktop\spAuto_Foundry_2.1.014_Add RecipeCheck\ezATI3D_CPP\ezATI3D_CPP.vcxproj" 프로젝트를 빌드했습니다(Rebuild 대상).

빌드했습니다.

경과 시간: 00:00:05.69
