09:41:40 [Proc:Seq] >>>>>>>>>>>>>>>>>>>>>>>  Logging Started  <<<<<<<<<<<<<<<<<<<<<<<<
09:41:40 [Proc:Seq] Build date time: Apr  1 2021 10:52:47
09:41:40 [Proc:Seq] File Version: 3.4.4.36
         
09:54:01 [Proc:Seq] >>>>>>>>>>>>>>>>>>>>>>>  Logging Started  <<<<<<<<<<<<<<<<<<<<<<<<
09:54:01 [Proc:Seq] Build date time: Apr  1 2021 10:52:47
09:54:01 [Proc:Seq] File Version: 3.4.4.36
         
09:54:28 [Proc:Seq] send S1F13 message. sysbyte=0040B6
09:54:28 [Proc:Seq] received S1F14 message. sysbyte=0040B6
09:54:33 [Proc:Seq] send S1F1 message. sysbyte=0040B8
09:54:33 [Proc:Seq] received S1F2 message. sysbyte=0040B8
09:54:33 [Proc:Seq] send S6F11 message. sysbyte=0040BA
09:54:33 [Proc:Seq] send S6F11 message. sysbyte=0040BC
09:54:33 [Proc:Seq] send S6F11 message. sysbyte=0040BE
09:54:33 [Proc:Seq] send S6F11 message. sysbyte=0040C0
09:54:33 [Proc:Seq] send S6F11 message. sysbyte=0040C2
09:54:33 [Proc:Seq] send S6F11 message. sysbyte=0040C4
09:54:33 [Proc:Seq] send S6F11 message. sysbyte=0040C6
09:54:33 [Proc:Seq] send S6F11 message. sysbyte=0040C8
09:54:33 [Proc:Seq] send S6F11 message. sysbyte=0040CA
09:54:33 [Proc:Seq] send S6F11 message. sysbyte=0040CC
09:54:33 [Proc:Seq] send S6F11 message. sysbyte=0040CE
09:54:33 [Proc:Seq] send S6F11 message. sysbyte=0040D0
09:54:33 [Proc:Seq] send S6F11 message. sysbyte=0040D2
09:54:33 [Proc:Seq] received S6F12 message. sysbyte=0040BA
09:54:33 [Proc:Seq] received S6F12 message. sysbyte=0040BC
09:54:33 [Proc:Seq] received S6F12 message. sysbyte=0040BE
09:54:33 [Proc:Seq] received S6F12 message. sysbyte=0040C0
09:54:33 [Proc:Seq] received S6F12 message. sysbyte=0040C2
09:54:33 [Proc:Seq] received S6F12 message. sysbyte=0040C4
09:54:33 [Proc:Seq] received S6F12 message. sysbyte=0040C6
09:54:33 [Proc:Seq] received S6F12 message. sysbyte=0040C8
09:54:33 [Proc:Seq] received S6F12 message. sysbyte=0040CA
09:54:33 [Proc:Seq] received S6F12 message. sysbyte=0040CC
09:54:33 [Proc:Seq] received S6F12 message. sysbyte=0040CE
09:54:33 [Proc:Seq] received S6F12 message. sysbyte=0040D0
09:54:33 [Proc:Seq] received S6F12 message. sysbyte=0040D2
09:54:43 [Proc:Seq] received S2F23 message. sysbyte=003DC4
09:54:43 [Proc:Seq] send S2F24 message. sysbyte=003DC4
09:54:53 [Proc:Seq] send S6F1 message. sysbyte=0040D6
09:54:53 [Proc:Seq] received S6F2 message. sysbyte=0040D6
09:55:03 [Proc:Seq] send S6F1 message. sysbyte=0040D8
09:55:03 [Proc:Seq] received S6F2 message. sysbyte=0040D8
09:55:13 [Proc:Seq] send S6F1 message. sysbyte=0040DA
09:55:13 [Proc:Seq] received S6F2 message. sysbyte=0040DA
09:55:23 [Proc:Seq] send S6F1 message. sysbyte=0040DC
09:55:23 [Proc:Seq] received S6F2 message. sysbyte=0040DC
09:55:33 [Proc:Seq] send S6F1 message. sysbyte=0040DE
09:55:33 [Proc:Seq] received S6F2 message. sysbyte=0040DE
09:55:43 [Proc:Seq] send S6F1 message. sysbyte=0040E0
09:55:43 [Proc:Seq] received S6F2 message. sysbyte=0040E0
09:55:53 [Proc:Seq] send S6F1 message. sysbyte=0040E2
09:55:53 [Proc:Seq] received S6F2 message. sysbyte=0040E2
09:56:03 [Proc:Seq] send S6F1 message. sysbyte=0040E4
09:56:03 [Proc:Seq] received S6F2 message. sysbyte=0040E4
09:56:13 [Proc:Seq] send S6F1 message. sysbyte=0040E6
09:56:13 [Proc:Seq] received S6F2 message. sysbyte=0040E6
09:56:23 [Proc:Seq] send S6F1 message. sysbyte=0040E8
09:56:23 [Proc:Seq] received S6F2 message. sysbyte=0040E8
09:56:33 [Proc:Seq] send S6F1 message. sysbyte=0040EA
09:56:33 [Proc:Seq] received S6F2 message. sysbyte=0040EA
09:56:43 [Proc:Seq] send S6F1 message. sysbyte=0040EC
09:56:43 [Proc:Seq] received S6F2 message. sysbyte=0040EC
09:56:53 [Proc:Seq] send S6F1 message. sysbyte=0040EE
09:56:53 [Proc:Seq] received S6F2 message. sysbyte=0040EE
09:57:03 [Proc:Seq] send S6F1 message. sysbyte=0040F0
09:57:03 [Proc:Seq] received S6F2 message. sysbyte=0040F0
09:57:13 [Proc:Seq] send S6F1 message. sysbyte=0040F2
09:57:13 [Proc:Seq] received S6F2 message. sysbyte=0040F2
09:57:23 [Proc:Seq] send S6F1 message. sysbyte=0040F4
09:57:23 [Proc:Seq] received S6F2 message. sysbyte=0040F4
09:57:33 [Proc:Seq] send S6F1 message. sysbyte=0040F6
09:57:33 [Proc:Seq] received S6F2 message. sysbyte=0040F6
09:57:43 [Proc:Seq] send S6F1 message. sysbyte=0040F8
09:57:43 [Proc:Seq] received S6F2 message. sysbyte=0040F8
09:57:53 [Proc:Seq] send S6F1 message. sysbyte=0040FA
09:57:53 [Proc:Seq] received S6F2 message. sysbyte=0040FA
09:58:03 [Proc:Seq] send S6F1 message. sysbyte=0040FC
09:58:03 [Proc:Seq] received S6F2 message. sysbyte=0040FC
