c:\users\nscho\onedrive - 에이티아이\바탕 화면\spauto_foundry_2.1.016_m1_checkrecipe\ezati3d_clr\x64\debug\ezati3d_clr.pch
c:\users\nscho\onedrive - 에이티아이\바탕 화면\spauto_foundry_2.1.016_m1_checkrecipe\ezati3d_clr\x64\debug\vc120.pdb
c:\users\nscho\onedrive - 에이티아이\바탕 화면\spauto_foundry_2.1.016_m1_checkrecipe\ezati3d_clr\x64\debug\stdafx.obj
c:\users\nscho\onedrive - 에이티아이\바탕 화면\spauto_foundry_2.1.016_m1_checkrecipe\ezati3d_clr\x64\debug\ezati3d_clr.obj
c:\users\nscho\onedrive - 에이티아이\바탕 화면\spauto_foundry_2.1.016_m1_checkrecipe\ezati3d_clr\x64\debug\assemblyinfo.obj
c:\users\nscho\onedrive - 에이티아이\바탕 화면\spauto_foundry_2.1.016_m1_checkrecipe\ezati3d_clr\x64\debug\.netframework,version=v4.5.assemblyattributes.obj
c:\users\nscho\onedrive - 에이티아이\바탕 화면\spauto_foundry_2.1.016_m1_checkrecipe\x64\debug\ezati3d_clr.dll
c:\users\nscho\onedrive - 에이티아이\바탕 화면\spauto_foundry_2.1.016_m1_checkrecipe\x64\debug\ezati3d_clr.pdb
c:\users\nscho\onedrive - 에이티아이\바탕 화면\spauto_foundry_2.1.016_m1_checkrecipe\ezati3d_clr\x64\debug\app.res
d:\pending\wind\samsung\화성\화성 foundry\spauto_foundry_2.1.017_sequencelog\ezati3d_clr\x64\debug\ezati3d_clr.vcxprojresolveassemblyreference.cache
d:\pending\wind\samsung\화성\화성 foundry\spauto_foundry_2.1.017_sequencelog\ezati3d_clr\x64\debug\.netframework,version=v4.5.assemblyattributes.obj
d:\pending\wind\samsung\화성\화성 foundry\spauto_foundry_2.1.017_sequencelog\ezati3d_clr\x64\debug\assemblyinfo.obj
d:\pending\wind\samsung\화성\화성 foundry\spauto_foundry_2.1.017_sequencelog\ezati3d_clr\x64\debug\ezati3d_clr.obj
d:\pending\wind\samsung\화성\화성 foundry\spauto_foundry_2.1.017_sequencelog\ezati3d_clr\x64\debug\stdafx.obj
d:\pending\wind\samsung\화성\화성 foundry\spauto_foundry_2.1.017_sequencelog\ezati3d_clr\x64\debug\app.res
d:\pending\wind\samsung\화성\화성 foundry\spauto_foundry_2.1.017_sequencelog\ezati3d_clr\x64\debug\ezati3d_clr.pch
d:\pending\wind\samsung\화성\화성 foundry\spauto_foundry_2.1.017_sequencelog\ezati3d_clr\x64\debug\vc120.pdb
d:\pending\wind\samsung\화성\화성 foundry\spauto_foundry_2.1.017_sequencelog\x64\debug\ezati3d_clr.pdb
d:\pending\wind\samsung\화성\화성 foundry\spauto_foundry_2.1.017_sequencelog\x64\debug\ezati3d_clr.dll
d:\pending\wind\samsung\화성\화성 foundry\spauto_foundry_2.1.017_sequencelog\ezati3d_clr\x64\debug\ezati3d_clr.tlog\cl.command.1.tlog
d:\pending\wind\samsung\화성\화성 foundry\spauto_foundry_2.1.017_sequencelog\ezati3d_clr\x64\debug\ezati3d_clr.tlog\cl.read.1.tlog
d:\pending\wind\samsung\화성\화성 foundry\spauto_foundry_2.1.017_sequencelog\ezati3d_clr\x64\debug\ezati3d_clr.tlog\cl.write.1.tlog
d:\pending\wind\samsung\화성\화성 foundry\spauto_foundry_2.1.017_sequencelog\ezati3d_clr\x64\debug\ezati3d_clr.tlog\link.command.1.tlog
d:\pending\wind\samsung\화성\화성 foundry\spauto_foundry_2.1.017_sequencelog\ezati3d_clr\x64\debug\ezati3d_clr.tlog\link.read.1.tlog
d:\pending\wind\samsung\화성\화성 foundry\spauto_foundry_2.1.017_sequencelog\ezati3d_clr\x64\debug\ezati3d_clr.tlog\link.write.1.tlog
d:\pending\wind\samsung\화성\화성 foundry\spauto_foundry_2.1.017_sequencelog\ezati3d_clr\x64\debug\ezati3d_clr.tlog\metagen.read.1.tlog
d:\pending\wind\samsung\화성\화성 foundry\spauto_foundry_2.1.017_sequencelog\ezati3d_clr\x64\debug\ezati3d_clr.tlog\metagen.write.1.tlog
d:\pending\wind\samsung\화성\화성 foundry\spauto_foundry_2.1.017_sequencelog\ezati3d_clr\x64\debug\ezati3d_clr.tlog\rc.command.1.tlog
d:\pending\wind\samsung\화성\화성 foundry\spauto_foundry_2.1.017_sequencelog\ezati3d_clr\x64\debug\ezati3d_clr.tlog\rc.read.1.tlog
d:\pending\wind\samsung\화성\화성 foundry\spauto_foundry_2.1.017_sequencelog\ezati3d_clr\x64\debug\ezati3d_clr.tlog\rc.write.1.tlog
d:\pending\wind\samsung\화성\화성 foundry\spauto_foundry_2.1.017_sequencelog\ezati3d_clr\x64\debug\ezati3d_clr.tlog\tzres.dll.bi
