빌드 시작: 2023-07-24 오후 3:02:18
     1>2 노드의 "D:\Pending\WIND\samsung\화성\화성 Foundry\spAuto_Foundry_2.1.017_SequenceLog\ezATI3D_CLR\ezATI3D_CLR.vcxproj" 프로젝트(Rebuild 대상)입니다.
     1>ClCompile:
         C:\Program Files (x86)\Microsoft Visual Studio 12.0\VC\bin\x86_amd64\CL.exe /c /I"C:\Program Files\Intel\IPP\5.3.2.073\em64t\include" /AI"C:\Program Files (x86)\Reference Assemblies\Microsoft\Framework\.NETFramework\v4.5\\" /AI"C:\Program Files (x86)\Windows Kits\8.1\References\CommonConfiguration\Neutral" /AI"C:\Program Files (x86)\Reference Assemblies\Microsoft\Framework\.NETFramework\v4.5\Facades\\" /Zi /clr /nologo /W3 /WX- /Od /D WIN32 /D _DEBUG /D _WINDLL /D _UNICODE /D UNICODE /EHa /MDd /GS /fp:precise /Zc:wchar_t /Zc:forScope /Yc"stdafx.h" /Fp"x64\Debug\ezATI3D_CLR.pch" /Fo"x64\Debug\\" /Fd"x64\Debug\vc120.pdb" /TP /FU"C:\Program Files (x86)\Reference Assemblies\Microsoft\Framework\.NETFramework\v4.5\mscorlib.dll" /FU"C:\Program Files (x86)\Reference Assemblies\Microsoft\Framework\.NETFramework\v4.5\System.Data.dll" /FU"C:\Program Files (x86)\Reference Assemblies\Microsoft\Framework\.NETFramework\v4.5\System.dll" /FU"C:\Program Files (x86)\Reference Assemblies\Microsoft\Framework\.NETFramework\v4.5\System.Xml.dll" /errorReport:prompt /clr:nostdlib Stdafx.cpp
         Stdafx.cpp
         C:\Program Files (x86)\Microsoft Visual Studio 12.0\VC\bin\x86_amd64\CL.exe /c /I"C:\Program Files\Intel\IPP\5.3.2.073\em64t\include" /AI"C:\Program Files (x86)\Reference Assemblies\Microsoft\Framework\.NETFramework\v4.5\\" /AI"C:\Program Files (x86)\Windows Kits\8.1\References\CommonConfiguration\Neutral" /AI"C:\Program Files (x86)\Reference Assemblies\Microsoft\Framework\.NETFramework\v4.5\Facades\\" /Zi /clr /nologo /W3 /WX- /Od /D WIN32 /D _DEBUG /D _WINDLL /D _UNICODE /D UNICODE /EHa /MDd /GS /fp:precise /Zc:wchar_t /Zc:forScope /Yu"stdafx.h" /Fp"x64\Debug\ezATI3D_CLR.pch" /Fo"x64\Debug\\" /Fd"x64\Debug\vc120.pdb" /TP /FU"C:\Program Files (x86)\Reference Assemblies\Microsoft\Framework\.NETFramework\v4.5\mscorlib.dll" /FU"C:\Program Files (x86)\Reference Assemblies\Microsoft\Framework\.NETFramework\v4.5\System.Data.dll" /FU"C:\Program Files (x86)\Reference Assemblies\Microsoft\Framework\.NETFramework\v4.5\System.dll" /FU"C:\Program Files (x86)\Reference Assemblies\Microsoft\Framework\.NETFramework\v4.5\System.Xml.dll" /errorReport:prompt /clr:nostdlib AssemblyInfo.cpp ezATI3D_CLR.cpp
         AssemblyInfo.cpp
         ezATI3D_CLR.cpp
         코드를 생성하고 있습니다...
         C:\Program Files (x86)\Microsoft Visual Studio 12.0\VC\bin\x86_amd64\CL.exe /c /I"C:\Program Files\Intel\IPP\5.3.2.073\em64t\include" /Zi /clr /nologo /W3 /WX- /Od /D WIN32 /D _DEBUG /D _WINDLL /D _UNICODE /D UNICODE /EHa /MDd /GS /fp:precise /Zc:wchar_t /Zc:forScope /Fo"x64\Debug\\" /Fd"x64\Debug\vc120.pdb" /TP /errorReport:prompt "C:\Users\nscho\AppData\Local\Temp\.NETFramework,Version=v4.5.AssemblyAttributes.cpp"
         .NETFramework,Version=v4.5.AssemblyAttributes.cpp
       ResourceCompile:
         C:\Program Files (x86)\Windows Kits\8.1\bin\x86\rc.exe /D _UNICODE /D UNICODE /l"0x0409" /nologo /fo"x64\Debug\app.res" app.rc 
       Link:
         C:\Program Files (x86)\Microsoft Visual Studio 12.0\VC\bin\x86_amd64\link.exe /ERRORREPORT:PROMPT /OUT:"D:\Pending\WIND\samsung\화성\화성 Foundry\spAuto_Foundry_2.1.017_SequenceLog\x64\Debug\ezATI3D_CLR.dll" /INCREMENTAL /NOLOGO /LIBPATH:"C:\Program Files\Intel\IPP\5.3.2.073\em64t\lib" /LIBPATH:"C:\Program Files\Intel\IPP\5.3.2.073\em64t\stublib" /MANIFEST /MANIFESTUAC:"level='asInvoker' uiAccess='false'" /manifest:embed /DEBUG /PDB:"D:\Pending\WIND\samsung\화성\화성 Foundry\spAuto_Foundry_2.1.017_SequenceLog\x64\Debug\ezATI3D_CLR.pdb" /ASSEMBLYDEBUG /TLBID:1 /DYNAMICBASE /FIXED:NO /NXCOMPAT /MACHINE:X64 /DLL x64\Debug\app.res
         x64\Debug\AssemblyInfo.obj
         x64\Debug\ezATI3D_CLR.obj
         x64\Debug\Stdafx.obj
         "x64\Debug\.NETFramework,Version=v4.5.AssemblyAttributes.obj"
         "D:\Pending\WIND\samsung\화성\화성 Foundry\spAuto_Foundry_2.1.017_SequenceLog\x64\Debug\ezATI3D_CPP.lib"
         ezATI3D_CLR.vcxproj -> D:\Pending\WIND\samsung\화성\화성 Foundry\spAuto_Foundry_2.1.017_SequenceLog\x64\Debug\ezATI3D_CLR.dll
     1>"D:\Pending\WIND\samsung\화성\화성 Foundry\spAuto_Foundry_2.1.017_SequenceLog\ezATI3D_CLR\ezATI3D_CLR.vcxproj" 프로젝트를 빌드했습니다(Rebuild 대상).

빌드했습니다.

경과 시간: 00:00:02.95
