09:41:40 [Proc:Seq] >>>>>>>>>>>>>>>>>>>>>>>  Logging Started  <<<<<<<<<<<<<<<<<<<<<<<< th=550c
09:41:40 [Proc:Seq] Build date time: Apr  1 2021 10:54:07 th=550c
09:41:40 [Proc:Seq] [LE40Base::InitXLog]<Ended> th=550c
09:41:40 [Proc:Seq] [LE40Base::ReadDatabase]<Started> result[0] th=550c
09:41:40 [Proc:Seq] Success to open database(MDB). th=550c
09:41:40 [Proc:Seq] [LE40Base::ReadDatabaseItems]<Started> th=550c
09:41:40 [Proc:Seq] [LE40Base::ReadDatabaseItems] Config Items <Started> th=550c
09:41:40 [Proc:Seq] LDBInterface th=550c
09:41:40 [Proc:Seq] LDBInterface th=550c
09:41:40 [Proc:Seq] LDBInterface th=550c
09:41:40 [Proc:Seq] LDBInterface th=550c
09:41:40 [Proc:Seq] LDBInterface th=550c
09:41:40 [Proc:Seq] LDBInterface th=550c
09:41:40 [Proc:Seq] LDBInterface th=550c
09:41:40 [Proc:Seq] LDBInterface th=550c
09:41:40 [Proc:Seq] LDBInterface th=550c
09:41:40 [Proc:Seq] LDBInterface th=550c
09:41:40 [Proc:Seq] LDBInterface th=550c
09:41:40 [Proc:Seq] LDBInterface th=550c
09:41:40 [Proc:Seq] LDBInterface th=550c
09:41:40 [Proc:Seq] LDBInterface th=550c
09:41:40 [Proc:Seq] LDBInterface th=550c
09:41:40 [Proc:Seq] LDBInterface th=550c
09:41:40 [Proc:Seq] LDBInterface th=550c
09:41:40 [Proc:Seq] LDBInterface th=550c
09:41:40 [Proc:Seq] LDBInterface th=550c
09:41:40 [Proc:Seq] LDBInterface th=550c
09:41:40 [Proc:Seq] LDBInterface th=550c
09:41:40 [Proc:Seq] LDBInterface th=550c
09:41:40 [Proc:Seq] LDBInterface th=550c
09:41:40 [Proc:Seq] LDBInterface th=550c
09:41:40 [Proc:Seq] LDBInterface th=550c
09:41:40 [Proc:Seq] LDBInterface th=550c
09:41:40 [Proc:Seq] LDBInterface th=550c
09:41:40 [Proc:Seq] LDBInterface th=550c
09:41:40 [Proc:Seq] LDBInterface th=550c
09:41:40 [Proc:Seq] LDBInterface th=550c
09:41:40 [Proc:Seq] LDBInterface th=550c
09:41:40 [Proc:Seq] LDBInterface th=550c
09:41:40 [Proc:Seq] LDBInterface th=550c
09:41:40 [Proc:Seq] LDBInterface th=550c
09:41:40 [Proc:Seq] LDBInterface th=550c
09:41:40 [Proc:Seq] LDBInterface th=550c
09:41:40 [Proc:Seq] LDBInterface th=550c
09:41:40 [Proc:Seq] LDBInterface th=550c
09:41:40 [Proc:Seq] LDBInterface th=550c
09:41:40 [Proc:Seq] LDBInterface th=550c
09:41:40 [Proc:Seq] LDBInterface th=550c
09:41:40 [Proc:Seq] LDBInterface th=550c
09:41:40 [Proc:Seq] LDBInterface th=550c
09:41:40 [Proc:Seq] LDBInterface th=550c
09:41:40 [Proc:Seq] LDBInterface th=550c
09:41:40 [Proc:Seq] LDBInterface th=550c
09:41:40 [Proc:Seq] LDBInterface th=550c
09:41:40 [Proc:Seq] LDBInterface th=550c
09:41:40 [Proc:Seq] LDBInterface th=550c
09:41:40 [Proc:Seq] [LE40Base::ReadDatabaseItems] Config Items <Ended> th=550c
09:41:40 [Proc:Seq] [LE40Base::ReadDatabaseItems] ModuleInfo Items <Started> th=550c
09:41:40 [Proc:Seq] LDBInterface th=550c
09:41:40 [Proc:Seq] LDBInterface th=550c
09:41:40 [Proc:Seq] LDBInterface th=550c
09:41:40 [Proc:Seq] LDBInterface th=550c
09:41:40 [Proc:Seq] LDBInterface th=550c
09:41:40 [Proc:Seq] LDBInterface th=550c
09:41:40 [Proc:Seq] LDBInterface th=550c
09:41:40 [Proc:Seq] LDBInterface th=550c
09:41:40 [Proc:Seq] LDBInterface th=550c
09:41:40 [Proc:Seq] LDBInterface th=550c
09:41:40 [Proc:Seq] LDBInterface th=550c
09:41:40 [Proc:Seq] LDBInterface th=550c
09:41:40 [Proc:Seq] LDBInterface th=550c
09:41:40 [Proc:Seq] LDBInterface th=550c
09:41:40 [Proc:Seq] LDBInterface th=550c
09:41:40 [Proc:Seq] LDBInterface th=550c
09:41:40 [Proc:Seq] LDBInterface th=550c
09:41:40 [Proc:Seq] LDBInterface th=550c
09:41:40 [Proc:Seq] LDBInterface th=550c
09:41:40 [Proc:Seq] LDBInterface th=550c
09:41:40 [Proc:Seq] LDBInterface th=550c
09:41:40 [Proc:Seq] LDBInterface th=550c
09:41:40 [Proc:Seq] LDBInterface th=550c
09:41:40 [Proc:Seq] LDBInterface th=550c
09:41:40 [Proc:Seq] [LE40Base::ReadDatabaseItems] ModuleInfo Items <Ended> th=550c
09:41:40 [Proc:Seq] [LE40Base::ReadDatabaseItems]<Ended> th=550c
09:41:40 [Proc:Seq] Success to read database table. th=550c
09:41:40 [Proc:Seq] [E40Base::Initialize]<Ended> result[0] th=550c
09:41:40 [Proc:Seq] [LE40_0307][Initialize] sCfg[C:\AVIS\Test_220524\Test_220524\XGem.cfg] th=550c
09:41:40 [Proc:Seq] [E40Base::Start] result[0] th=550c
09:41:40 [Proc:Seq] [LE40_0307][Start] th=550c
09:41:40 [Proc:Seq] [E40Base::EqConnectionStateChanged] nState[1] th=550c
09:41:40 [Proc:Seq] [LE40Base::RecvEqMsg]<Started> received (0, GEMGetLicense) th=550c
09:41:40 [Proc:Seq] [LE40Base::RecvEqMsg]<Ended> RecvEqMsg(0, GEMGetLicense) th=550c
09:41:40 [Proc:Seq] [LE40Base::RecvEqMsg]<Started> received (0, GEMGetParam) th=550c
09:41:40 [Proc:Seq] [LE40Base::RecvEqMsg]<Ended> RecvEqMsg(0, GEMGetParam) th=550c
09:41:40 [Proc:Seq] [LE40Base::RecvEqMsg]<Started> received (0, GEMGetAttributeV) th=550c
09:41:40 [Proc:Seq] [LE40Base::RecvEqMsg]<Ended> RecvEqMsg(0, GEMGetAttributeV) th=550c
09:45:15 [Proc:Seq] [E40Base::CommunicationStateChanged] nState[1] th=550c
09:45:15 [Proc:Seq] [E40Base::EqConnectionStateChanged] nState[0] th=550c
09:54:01 [Proc:Seq] >>>>>>>>>>>>>>>>>>>>>>>  Logging Started  <<<<<<<<<<<<<<<<<<<<<<<< th=405c
09:54:01 [Proc:Seq] Build date time: Apr  1 2021 10:54:07 th=405c
09:54:01 [Proc:Seq] [LE40Base::InitXLog]<Ended> th=405c
09:54:01 [Proc:Seq] [LE40Base::ReadDatabase]<Started> result[0] th=405c
09:54:01 [Proc:Seq] Success to open database(MDB). th=405c
09:54:01 [Proc:Seq] [LE40Base::ReadDatabaseItems]<Started> th=405c
09:54:01 [Proc:Seq] [LE40Base::ReadDatabaseItems] Config Items <Started> th=405c
09:54:01 [Proc:Seq] LDBInterface th=405c
09:54:01 [Proc:Seq] LDBInterface th=405c
09:54:01 [Proc:Seq] LDBInterface th=405c
09:54:01 [Proc:Seq] LDBInterface th=405c
09:54:01 [Proc:Seq] LDBInterface th=405c
09:54:01 [Proc:Seq] LDBInterface th=405c
09:54:01 [Proc:Seq] LDBInterface th=405c
09:54:01 [Proc:Seq] LDBInterface th=405c
09:54:01 [Proc:Seq] LDBInterface th=405c
09:54:01 [Proc:Seq] LDBInterface th=405c
09:54:01 [Proc:Seq] LDBInterface th=405c
09:54:01 [Proc:Seq] LDBInterface th=405c
09:54:01 [Proc:Seq] LDBInterface th=405c
09:54:01 [Proc:Seq] LDBInterface th=405c
09:54:01 [Proc:Seq] LDBInterface th=405c
09:54:01 [Proc:Seq] LDBInterface th=405c
09:54:01 [Proc:Seq] LDBInterface th=405c
09:54:01 [Proc:Seq] LDBInterface th=405c
09:54:01 [Proc:Seq] LDBInterface th=405c
09:54:01 [Proc:Seq] LDBInterface th=405c
09:54:01 [Proc:Seq] LDBInterface th=405c
09:54:01 [Proc:Seq] LDBInterface th=405c
09:54:01 [Proc:Seq] LDBInterface th=405c
09:54:01 [Proc:Seq] LDBInterface th=405c
09:54:01 [Proc:Seq] LDBInterface th=405c
09:54:01 [Proc:Seq] LDBInterface th=405c
09:54:01 [Proc:Seq] LDBInterface th=405c
09:54:01 [Proc:Seq] LDBInterface th=405c
09:54:01 [Proc:Seq] LDBInterface th=405c
09:54:01 [Proc:Seq] LDBInterface th=405c
09:54:01 [Proc:Seq] LDBInterface th=405c
09:54:01 [Proc:Seq] LDBInterface th=405c
09:54:01 [Proc:Seq] LDBInterface th=405c
09:54:01 [Proc:Seq] LDBInterface th=405c
09:54:01 [Proc:Seq] LDBInterface th=405c
09:54:01 [Proc:Seq] LDBInterface th=405c
09:54:01 [Proc:Seq] LDBInterface th=405c
09:54:01 [Proc:Seq] LDBInterface th=405c
09:54:01 [Proc:Seq] LDBInterface th=405c
09:54:01 [Proc:Seq] LDBInterface th=405c
09:54:01 [Proc:Seq] LDBInterface th=405c
09:54:01 [Proc:Seq] LDBInterface th=405c
09:54:01 [Proc:Seq] LDBInterface th=405c
09:54:01 [Proc:Seq] LDBInterface th=405c
09:54:01 [Proc:Seq] LDBInterface th=405c
09:54:01 [Proc:Seq] LDBInterface th=405c
09:54:01 [Proc:Seq] LDBInterface th=405c
09:54:01 [Proc:Seq] LDBInterface th=405c
09:54:01 [Proc:Seq] LDBInterface th=405c
09:54:01 [Proc:Seq] [LE40Base::ReadDatabaseItems] Config Items <Ended> th=405c
09:54:01 [Proc:Seq] [LE40Base::ReadDatabaseItems] ModuleInfo Items <Started> th=405c
09:54:01 [Proc:Seq] LDBInterface th=405c
09:54:01 [Proc:Seq] LDBInterface th=405c
09:54:01 [Proc:Seq] LDBInterface th=405c
09:54:01 [Proc:Seq] LDBInterface th=405c
09:54:01 [Proc:Seq] LDBInterface th=405c
09:54:01 [Proc:Seq] LDBInterface th=405c
09:54:01 [Proc:Seq] LDBInterface th=405c
09:54:01 [Proc:Seq] LDBInterface th=405c
09:54:01 [Proc:Seq] LDBInterface th=405c
09:54:01 [Proc:Seq] LDBInterface th=405c
09:54:01 [Proc:Seq] LDBInterface th=405c
09:54:01 [Proc:Seq] LDBInterface th=405c
09:54:01 [Proc:Seq] LDBInterface th=405c
09:54:01 [Proc:Seq] LDBInterface th=405c
09:54:01 [Proc:Seq] LDBInterface th=405c
09:54:01 [Proc:Seq] LDBInterface th=405c
09:54:01 [Proc:Seq] LDBInterface th=405c
09:54:01 [Proc:Seq] LDBInterface th=405c
09:54:01 [Proc:Seq] LDBInterface th=405c
09:54:01 [Proc:Seq] LDBInterface th=405c
09:54:01 [Proc:Seq] LDBInterface th=405c
09:54:01 [Proc:Seq] LDBInterface th=405c
09:54:01 [Proc:Seq] LDBInterface th=405c
09:54:01 [Proc:Seq] LDBInterface th=405c
09:54:01 [Proc:Seq] [LE40Base::ReadDatabaseItems] ModuleInfo Items <Ended> th=405c
09:54:01 [Proc:Seq] [LE40Base::ReadDatabaseItems]<Ended> th=405c
09:54:01 [Proc:Seq] Success to read database table. th=405c
09:54:01 [Proc:Seq] [E40Base::Initialize]<Ended> result[0] th=405c
09:54:01 [Proc:Seq] [LE40_0307][Initialize] sCfg[C:\AVIS\Test_220524\Test_220524\XGem.cfg] th=405c
09:54:01 [Proc:Seq] [E40Base::Start] result[0] th=405c
09:54:01 [Proc:Seq] [LE40_0307][Start] th=405c
09:54:01 [Proc:Seq] [E40Base::EqConnectionStateChanged] nState[1] th=405c
09:54:01 [Proc:Seq] [LE40Base::RecvEqMsg]<Started> received (0, GEMGetLicense) th=405c
09:54:01 [Proc:Seq] [LE40Base::RecvEqMsg]<Ended> RecvEqMsg(0, GEMGetLicense) th=405c
09:54:01 [Proc:Seq] [LE40Base::RecvEqMsg]<Started> received (0, GEMGetParam) th=405c
09:54:01 [Proc:Seq] [LE40Base::RecvEqMsg]<Ended> RecvEqMsg(0, GEMGetParam) th=405c
09:54:01 [Proc:Seq] [LE40Base::RecvEqMsg]<Started> received (0, GEMGetAttributeV) th=405c
09:54:01 [Proc:Seq] [LE40Base::RecvEqMsg]<Ended> RecvEqMsg(0, GEMGetAttributeV) th=405c
09:54:05 [Proc:Seq] [E40Base::CommunicationStateChanged] nState[4] th=405c
09:54:05 [Proc:Seq] [LE40Base::RecvEqMsg]<Started> received (0, GEMSetEstablish) th=405c
09:54:05 [Proc:Seq] [LE40Base::RecvEqMsg]<Ended> RecvEqMsg(0, GEMSetEstablish) th=405c
09:54:05 [Proc:Seq] [LE40Base::RecvEqMsg]<Started> received (0, GEMReqControlState) th=405c
09:54:05 [Proc:Seq] [LE40Base::RecvEqMsg]<Ended> RecvEqMsg(0, GEMReqControlState) th=405c
09:54:05 [Proc:Seq] [LE40Base::RecvEqMsg]<Started> received (0, CMSReqChangeServiceStatus) th=405c
09:54:05 [Proc:Seq] [LE40Base::RecvEqMsg]<Ended> RecvEqMsg(0, CMSReqChangeServiceStatus) th=405c
09:54:05 [Proc:Seq] [LE40Base::RecvEqMsg]<Started> received (0, CMSReqChangeServiceStatus) th=405c
09:54:05 [Proc:Seq] [LE40Base::RecvEqMsg]<Ended> RecvEqMsg(0, CMSReqChangeServiceStatus) th=405c
09:54:05 [Proc:Seq] [LE40Base::RecvEqMsg]<Started> received (0, CMSReqChangeAccess) th=405c
09:54:05 [Proc:Seq] [LE40Base::RecvEqMsg]<Ended> RecvEqMsg(0, CMSReqChangeAccess) th=405c
09:54:05 [Proc:Seq] [LE40Base::RecvEqMsg]<Started> received (0, CMSReqChangeAccess) th=405c
09:54:05 [Proc:Seq] [LE40Base::RecvEqMsg]<Ended> RecvEqMsg(0, CMSReqChangeAccess) th=405c
09:54:07 [Proc:Seq] [LE40Base::RecvEqMsg]<Started> received (0, GEMSetAlarm) th=405c
09:54:07 [Proc:Seq] [LE40Base::RecvEqMsg]<Ended> RecvEqMsg(0, GEMSetAlarm) th=405c
09:54:28 [Proc:Seq] [E40Base::HostConnectionStateChanged] nState[102], lParam[0], nS[0], nF[0], lSysByte[0] th=405c
09:54:28 [Proc:Seq] [E40Base::HostConnectionStateChanged] nState[103], lParam[0], nS[0], nF[0], lSysByte[0] th=405c
09:54:28 [Proc:Seq] [E40Base::CommunicationStateChanged] nState[5] th=405c
09:54:28 [Proc:Seq] [E40Base::ControlStateChanged] nState[1] th=405c
09:54:28 [Proc:Seq] [E40Base::ControlStateChanged] nState[1] th=405c
09:54:28 [Proc:Seq] [LE40Base::RecvEqMsg]<Started> received (0, GEMSetEstablish) th=405c
09:54:28 [Proc:Seq] [LE40Base::RecvEqMsg]<Ended> RecvEqMsg(0, GEMSetEstablish) th=405c
09:54:33 [Proc:Seq] [E40Base::ControlStateChanged] nState[2] th=405c
09:54:33 [Proc:Seq] [LE40Base::RecvEqMsg]<Started> received (0, GEMReqControlState) th=405c
09:54:33 [Proc:Seq] [LE40Base::RecvEqMsg]<Ended> RecvEqMsg(0, GEMReqControlState) th=405c
09:54:33 [Proc:Seq] [E40Base::ControlStateChanged] nState[5] th=405c
09:54:33 [Proc:Seq] [LE40Base::RecvEqMsg]<Started> received (0, CMSSetPresenceSensor) th=405c
09:54:33 [Proc:Seq] [LE40Base::RecvEqMsg]<Ended> RecvEqMsg(0, CMSSetPresenceSensor) th=405c
09:54:33 [Proc:Seq] [LE40Base::RecvEqMsg]<Started> received (0, CMSSetCarrierOnOff) th=405c
09:54:33 [Proc:Seq] [LE40Base::RecvEqMsg]<Ended> RecvEqMsg(0, CMSSetCarrierOnOff) th=405c
09:54:33 [Proc:Seq] [LE40Base::RecvEqMsg]<Started> received (0, CMSSetReadyToLoad) th=405c
09:54:33 [Proc:Seq] [LE40Base::RecvEqMsg]<Ended> RecvEqMsg(0, CMSSetReadyToLoad) th=405c
09:54:33 [Proc:Seq] [LE40Base::RecvEqMsg]<Started> received (0, GEMReqControlState) th=405c
09:54:33 [Proc:Seq] [LE40Base::RecvEqMsg]<Ended> RecvEqMsg(0, GEMReqControlState) th=405c
09:54:33 [Proc:Seq] [LE40Base::RecvEqMsg]<Started> received (0, CMSReqChangeAccess) th=405c
09:54:33 [Proc:Seq] [LE40Base::RecvEqMsg]<Ended> RecvEqMsg(0, CMSReqChangeAccess) th=405c
09:54:33 [Proc:Seq] [LE40Base::RecvEqMsg]<Started> received (0, CMSSetLPInfo) th=405c
09:54:33 [Proc:Seq] [LE40Base::RecvEqMsg]<Ended> RecvEqMsg(0, CMSSetLPInfo) th=405c
09:54:33 [Proc:Seq] [LE40Base::RecvEqMsg]<Started> received (0, CMSSetPresenceSensor) th=405c
09:54:33 [Proc:Seq] [LE40Base::RecvEqMsg]<Ended> RecvEqMsg(0, CMSSetPresenceSensor) th=405c
09:54:33 [Proc:Seq] [LE40Base::RecvEqMsg]<Started> received (0, CMSSetCarrierOnOff) th=405c
09:54:33 [Proc:Seq] [LE40Base::RecvEqMsg]<Ended> RecvEqMsg(0, CMSSetCarrierOnOff) th=405c
09:54:33 [Proc:Seq] [LE40Base::RecvEqMsg]<Started> received (0, CMSSetReadyToLoad) th=405c
09:54:33 [Proc:Seq] [LE40Base::RecvEqMsg]<Ended> RecvEqMsg(0, CMSSetReadyToLoad) th=405c
09:54:33 [Proc:Seq] [LE40Base::RecvEqMsg]<Started> received (0, CMSReqChangeAccess) th=405c
09:54:33 [Proc:Seq] [LE40Base::RecvEqMsg]<Ended> RecvEqMsg(0, CMSReqChangeAccess) th=405c
09:54:33 [Proc:Seq] [LE40Base::RecvEqMsg]<Started> received (0, CMSSetLPInfo) th=405c
09:54:33 [Proc:Seq] [LE40Base::RecvEqMsg]<Ended> RecvEqMsg(0, CMSSetLPInfo) th=405c
09:54:33 [Proc:Seq] [LE40Base::RecvEqMsg]<Started> received (0, CMSSetPresenceSensor) th=405c
09:54:33 [Proc:Seq] [LE40Base::RecvEqMsg]<Ended> RecvEqMsg(0, CMSSetPresenceSensor) th=405c
09:54:33 [Proc:Seq] [LE40Base::RecvEqMsg]<Started> received (0, CMSSetCarrierOnOff) th=405c
09:54:33 [Proc:Seq] [LE40Base::RecvEqMsg]<Ended> RecvEqMsg(0, CMSSetCarrierOnOff) th=405c
09:54:33 [Proc:Seq] [LE40Base::RecvEqMsg]<Started> received (0, CMSSetReadyToLoad) th=405c
09:54:33 [Proc:Seq] [LE40Base::RecvEqMsg]<Ended> RecvEqMsg(0, CMSSetReadyToLoad) th=405c
09:54:33 [Proc:Seq] [LE40Base::RecvEqMsg]<Started> received (0, CMSReqChangeAccess) th=405c
09:54:33 [Proc:Seq] [LE40Base::RecvEqMsg]<Ended> RecvEqMsg(0, CMSReqChangeAccess) th=405c
09:54:33 [Proc:Seq] [LE40Base::RecvEqMsg]<Started> received (0, CMSSetLPInfo) th=405c
09:54:33 [Proc:Seq] [LE40Base::RecvEqMsg]<Ended> RecvEqMsg(0, CMSSetLPInfo) th=405c
09:56:24 [Proc:Seq] [LE40Base::RecvEqMsg]<Started> received (1, GEMSetVariable) th=405c
09:56:24 [Proc:Seq] [LE40Base::RecvEqMsg]<Ended> RecvEqMsg(1, GEMSetVariable) th=405c
