빌드 시작: 2023-07-24 오후 3:47:22
     1>3 노드의 "D:\Pending\WIND\samsung\화성\화성 Foundry\FoundryWIND\ezATI3D_CPP\ezATI3D_CPP.vcxproj" 프로젝트(Rebuild 대상)입니다.
     1>ClCompile:
         C:\Program Files (x86)\Microsoft Visual Studio 12.0\VC\bin\x86_amd64\CL.exe /c /I"C:\Program Files\Intel\IPP\5.3.2.073\em64t\include" /Zi /nologo /W3 /WX- /sdl /Od /D WIN32 /D _DEBUG /D _LIB /D _UNICODE /D UNICODE /Gm /EHsc /RTC1 /MDd /GS /fp:precise /Zc:wchar_t /Zc:forScope /Yc"stdafx.h" /Fp"x64\Debug\ezATI3D_CPP.pch" /Fo"x64\Debug\\" /Fd"x64\Debug\vc120.pdb" /Gd /TP /errorReport:prompt stdafx.cpp
         stdafx.cpp
         C:\Program Files (x86)\Microsoft Visual Studio 12.0\VC\bin\x86_amd64\CL.exe /c /I"C:\Program Files\Intel\IPP\5.3.2.073\em64t\include" /Zi /nologo /W3 /WX- /sdl /Od /D WIN32 /D _DEBUG /D _LIB /D _UNICODE /D UNICODE /Gm /EHsc /RTC1 /MDd /GS /fp:precise /Zc:wchar_t /Zc:forScope /Yu"stdafx.h" /Fp"x64\Debug\ezATI3D_CPP.pch" /Fo"x64\Debug\\" /Fd"x64\Debug\vc120.pdb" /Gd /TP /errorReport:prompt ATI3D.cpp ATI3D_Calc.cpp ATI3D_Data.cpp ATI3D_Height.cpp StopWatch.cpp
         StopWatch.cpp
         ATI3D_Height.cpp
         ATI3D_Data.cpp
         ATI3D_Calc.cpp
         ATI3D.cpp
         코드를 생성하고 있습니다...
       Lib:
         C:\Program Files (x86)\Microsoft Visual Studio 12.0\VC\bin\x86_amd64\Lib.exe /OUT:"D:\Pending\WIND\samsung\화성\화성 Foundry\FoundryWIND\x64\Debug\ezATI3D_CPP.lib" ippiem64t.lib ippsem64t.lib ippcvem64t.lib ippmem64t.lib ippccem64t.lib ippcoreem64tl.lib /LIBPATH:"C:\Program Files\Intel\IPP\5.3.2.073\em64t\lib" /LIBPATH:"C:\Program Files\Intel\IPP\5.3.2.073\em64t\stublib" /NOLOGO /MACHINE:X64 x64\Debug\ATI3D.obj
         x64\Debug\ATI3D_Calc.obj
         x64\Debug\ATI3D_Data.obj
         x64\Debug\ATI3D_Height.obj
         x64\Debug\stdafx.obj
         x64\Debug\StopWatch.obj
     1>ippsem64t.lib(ippsem64t-5.3.dll) : warning LNK4006: __NULL_IMPORT_DESCRIPTOR이(가) ippiem64t.lib(ippiem64t-5.3.dll)에 이미 정의되어 있습니다. 초 정의가 무시됩니다.
     1>ippsem64t.lib(ippsem64t-5.3.dll) : warning LNK4221: 이 개체 파일은 이전에 정의되지 않은 공용 기호를 정의하지 않으므로 이 라이브러리를 사용하는 어떠한 링크 작업에도 사용되지 않습니다.
     1>ippcvem64t.lib(ippcvem64t-5.3.dll) : warning LNK4006: __NULL_IMPORT_DESCRIPTOR이(가) ippiem64t.lib(ippiem64t-5.3.dll)에 이미 정의되어 있습니다. 초 정의가 무시됩니다.
     1>ippcvem64t.lib(ippcvem64t-5.3.dll) : warning LNK4221: 이 개체 파일은 이전에 정의되지 않은 공용 기호를 정의하지 않으므로 이 라이브러리를 사용하는 어떠한 링크 작업에도 사용되지 않습니다.
     1>ippmem64t.lib(ippmem64t-5.3.dll) : warning LNK4006: __NULL_IMPORT_DESCRIPTOR이(가) ippiem64t.lib(ippiem64t-5.3.dll)에 이미 정의되어 있습니다. 초 정의가 무시됩니다.
     1>ippmem64t.lib(ippmem64t-5.3.dll) : warning LNK4221: 이 개체 파일은 이전에 정의되지 않은 공용 기호를 정의하지 않으므로 이 라이브러리를 사용하는 어떠한 링크 작업에도 사용되지 않습니다.
     1>ippccem64t.lib(ippccem64t-5.3.dll) : warning LNK4006: __NULL_IMPORT_DESCRIPTOR이(가) ippiem64t.lib(ippiem64t-5.3.dll)에 이미 정의되어 있습니다. 초 정의가 무시됩니다.
     1>ippccem64t.lib(ippccem64t-5.3.dll) : warning LNK4221: 이 개체 파일은 이전에 정의되지 않은 공용 기호를 정의하지 않으므로 이 라이브러리를 사용하는 어떠한 링크 작업에도 사용되지 않습니다.
         ezATI3D_CPP.vcxproj -> D:\Pending\WIND\samsung\화성\화성 Foundry\FoundryWIND\x64\Debug\ezATI3D_CPP.lib
     1>"D:\Pending\WIND\samsung\화성\화성 Foundry\FoundryWIND\ezATI3D_CPP\ezATI3D_CPP.vcxproj" 프로젝트를 빌드했습니다(Rebuild 대상).

빌드했습니다.

경과 시간: 00:00:02.25
