c:\users\nscho\onedrive - 에이티아이\바탕 화면\spauto_foundry_2.1.016_m1_checkrecipe\ezati3d_cpp\x64\debug\ezati3d_cpp.pch
c:\users\nscho\onedrive - 에이티아이\바탕 화면\spauto_foundry_2.1.016_m1_checkrecipe\ezati3d_cpp\x64\debug\vc120.pdb
c:\users\nscho\onedrive - 에이티아이\바탕 화면\spauto_foundry_2.1.016_m1_checkrecipe\ezati3d_cpp\x64\debug\vc120.idb
c:\users\nscho\onedrive - 에이티아이\바탕 화면\spauto_foundry_2.1.016_m1_checkrecipe\ezati3d_cpp\x64\debug\stdafx.obj
c:\users\nscho\onedrive - 에이티아이\바탕 화면\spauto_foundry_2.1.016_m1_checkrecipe\ezati3d_cpp\x64\debug\ati3d.obj
c:\users\nscho\onedrive - 에이티아이\바탕 화면\spauto_foundry_2.1.016_m1_checkrecipe\ezati3d_cpp\x64\debug\ati3d_calc.obj
c:\users\nscho\onedrive - 에이티아이\바탕 화면\spauto_foundry_2.1.016_m1_checkrecipe\ezati3d_cpp\x64\debug\ati3d_data.obj
c:\users\nscho\onedrive - 에이티아이\바탕 화면\spauto_foundry_2.1.016_m1_checkrecipe\ezati3d_cpp\x64\debug\ati3d_height.obj
c:\users\nscho\onedrive - 에이티아이\바탕 화면\spauto_foundry_2.1.016_m1_checkrecipe\ezati3d_cpp\x64\debug\stopwatch.obj
c:\users\nscho\onedrive - 에이티아이\바탕 화면\spauto_foundry_2.1.016_m1_checkrecipe\x64\debug\ezati3d_cpp.lib
d:\pending\wind\samsung\화성\화성 foundry\spauto_foundry_2.1.017_sequencelog\ezati3d_cpp\x64\debug\ati3d.obj
d:\pending\wind\samsung\화성\화성 foundry\spauto_foundry_2.1.017_sequencelog\ezati3d_cpp\x64\debug\ati3d_calc.obj
d:\pending\wind\samsung\화성\화성 foundry\spauto_foundry_2.1.017_sequencelog\ezati3d_cpp\x64\debug\ati3d_data.obj
d:\pending\wind\samsung\화성\화성 foundry\spauto_foundry_2.1.017_sequencelog\ezati3d_cpp\x64\debug\ati3d_height.obj
d:\pending\wind\samsung\화성\화성 foundry\spauto_foundry_2.1.017_sequencelog\ezati3d_cpp\x64\debug\stdafx.obj
d:\pending\wind\samsung\화성\화성 foundry\spauto_foundry_2.1.017_sequencelog\ezati3d_cpp\x64\debug\stopwatch.obj
d:\pending\wind\samsung\화성\화성 foundry\spauto_foundry_2.1.017_sequencelog\ezati3d_cpp\x64\debug\ezati3d_cpp.pch
d:\pending\wind\samsung\화성\화성 foundry\spauto_foundry_2.1.017_sequencelog\ezati3d_cpp\x64\debug\vc120.idb
d:\pending\wind\samsung\화성\화성 foundry\spauto_foundry_2.1.017_sequencelog\ezati3d_cpp\x64\debug\vc120.pdb
d:\pending\wind\samsung\화성\화성 foundry\spauto_foundry_2.1.017_sequencelog\x64\debug\ezati3d_cpp.lib
d:\pending\wind\samsung\화성\화성 foundry\spauto_foundry_2.1.017_sequencelog\ezati3d_cpp\x64\debug\ezati3d_cpp.tlog\cl.command.1.tlog
d:\pending\wind\samsung\화성\화성 foundry\spauto_foundry_2.1.017_sequencelog\ezati3d_cpp\x64\debug\ezati3d_cpp.tlog\cl.read.1.tlog
d:\pending\wind\samsung\화성\화성 foundry\spauto_foundry_2.1.017_sequencelog\ezati3d_cpp\x64\debug\ezati3d_cpp.tlog\cl.write.1.tlog
d:\pending\wind\samsung\화성\화성 foundry\spauto_foundry_2.1.017_sequencelog\ezati3d_cpp\x64\debug\ezati3d_cpp.tlog\lib-link.read.1.tlog
d:\pending\wind\samsung\화성\화성 foundry\spauto_foundry_2.1.017_sequencelog\ezati3d_cpp\x64\debug\ezati3d_cpp.tlog\lib-link.write.1.tlog
d:\pending\wind\samsung\화성\화성 foundry\spauto_foundry_2.1.017_sequencelog\ezati3d_cpp\x64\debug\ezati3d_cpp.tlog\lib.command.1.tlog
