09:41:40 [Proc:Seq] >>>>>>>>>>>>>>>>>>>>>>>  Logging Started  <<<<<<<<<<<<<<<<<<<<<<<< th=550c
09:41:40 [Proc:Seq] Build date time: Apr  1 2021 10:53:27 th=550c
09:41:40 [Proc:Seq] [LE94Base::InitXLog]<Ended> th=550c
09:41:40 [Proc:Seq] [LE94Base::ReadDatabase]<Started> th=550c
09:41:40 [Proc:Seq] Success to open database(MDB). th=550c
09:41:40 [Proc:Seq] [LE94Base::ReadDatabaseItems]<Started> th=550c
09:41:40 [Proc:Seq] [LE94Base::ReadDatabaseItems] Config Items <Started> th=550c
09:41:40 [Proc:Seq] LDBInterface th=550c
09:41:40 [Proc:Seq] LDBInterface th=550c
09:41:40 [Proc:Seq] LDBInterface th=550c
09:41:40 [Proc:Seq] LDBInterface th=550c
09:41:40 [Proc:Seq] LDBInterface th=550c
09:41:40 [Proc:Seq] LDBInterface th=550c
09:41:40 [Proc:Seq] LDBInterface th=550c
09:41:40 [Proc:Seq] LDBInterface th=550c
09:41:40 [Proc:Seq] LDBInterface th=550c
09:41:40 [Proc:Seq] LDBInterface th=550c
09:41:40 [Proc:Seq] LDBInterface th=550c
09:41:40 [Proc:Seq] LDBInterface th=550c
09:41:40 [Proc:Seq] LDBInterface th=550c
09:41:40 [Proc:Seq] LDBInterface th=550c
09:41:40 [Proc:Seq] LDBInterface th=550c
09:41:40 [Proc:Seq] LDBInterface th=550c
09:41:40 [Proc:Seq] LDBInterface th=550c
09:41:40 [Proc:Seq] LDBInterface th=550c
09:41:40 [Proc:Seq] LDBInterface th=550c
09:41:40 [Proc:Seq] LDBInterface th=550c
09:41:40 [Proc:Seq] LDBInterface th=550c
09:41:40 [Proc:Seq] LDBInterface th=550c
09:41:40 [Proc:Seq] LDBInterface th=550c
09:41:40 [Proc:Seq] LDBInterface th=550c
09:41:40 [Proc:Seq] LDBInterface th=550c
09:41:40 [Proc:Seq] LDBInterface th=550c
09:41:40 [Proc:Seq] LDBInterface th=550c
09:41:40 [Proc:Seq] LDBInterface th=550c
09:41:40 [Proc:Seq] LDBInterface th=550c
09:41:40 [Proc:Seq] LDBInterface th=550c
09:41:40 [Proc:Seq] LDBInterface th=550c
09:41:40 [Proc:Seq] LDBInterface th=550c
09:41:40 [Proc:Seq] LDBInterface th=550c
09:41:40 [Proc:Seq] LDBInterface th=550c
09:41:40 [Proc:Seq] LDBInterface th=550c
09:41:40 [Proc:Seq] LDBInterface th=550c
09:41:40 [Proc:Seq] LDBInterface th=550c
09:41:40 [Proc:Seq] LDBInterface th=550c
09:41:40 [Proc:Seq] LDBInterface th=550c
09:41:40 [Proc:Seq] LDBInterface th=550c
09:41:40 [Proc:Seq] LDBInterface th=550c
09:41:40 [Proc:Seq] LDBInterface th=550c
09:41:40 [Proc:Seq] LDBInterface th=550c
09:41:40 [Proc:Seq] LDBInterface th=550c
09:41:40 [Proc:Seq] LDBInterface th=550c
09:41:40 [Proc:Seq] LDBInterface th=550c
09:41:40 [Proc:Seq] LDBInterface th=550c
09:41:40 [Proc:Seq] LDBInterface th=550c
09:41:40 [Proc:Seq] LDBInterface th=550c
09:41:40 [Proc:Seq] [LE94Base::ReadDatabaseItems] Multi_PJ_Use: TRUE th=550c
09:41:40 [Proc:Seq] [LE94Base::ReadDatabaseItems] CJ_Queue_Max_Space: 10 th=550c
09:41:40 [Proc:Seq] [LE94Base::ReadDatabaseItems] Multi_CJ_Use: TRUE th=550c
09:41:40 [Proc:Seq] [LE94Base::ReadDatabaseItems] Equipment_Verifies_Job: FALSE th=550c
09:41:40 [Proc:Seq] [LE94Base::ReadDatabaseItems] Config Items <Ended> th=550c
09:41:40 [Proc:Seq] [LE94Base::ReadDatabaseItems] ModuleInfo Items <Ended> th=550c
09:41:40 [Proc:Seq] LDBInterface th=550c
09:41:40 [Proc:Seq] LDBInterface th=550c
09:41:40 [Proc:Seq] LDBInterface th=550c
09:41:40 [Proc:Seq] LDBInterface th=550c
09:41:40 [Proc:Seq] LDBInterface th=550c
09:41:40 [Proc:Seq] LDBInterface th=550c
09:41:40 [Proc:Seq] LDBInterface th=550c
09:41:40 [Proc:Seq] LDBInterface th=550c
09:41:40 [Proc:Seq] LDBInterface th=550c
09:41:40 [Proc:Seq] LDBInterface th=550c
09:41:40 [Proc:Seq] LDBInterface th=550c
09:41:40 [Proc:Seq] LDBInterface th=550c
09:41:40 [Proc:Seq] LDBInterface th=550c
09:41:40 [Proc:Seq] LDBInterface th=550c
09:41:40 [Proc:Seq] LDBInterface th=550c
09:41:40 [Proc:Seq] LDBInterface th=550c
09:41:40 [Proc:Seq] LDBInterface th=550c
09:41:40 [Proc:Seq] LDBInterface th=550c
09:41:40 [Proc:Seq] LDBInterface th=550c
09:41:40 [Proc:Seq] LDBInterface th=550c
09:41:40 [Proc:Seq] LDBInterface th=550c
09:41:40 [Proc:Seq] LDBInterface th=550c
09:41:40 [Proc:Seq] LDBInterface th=550c
09:41:40 [Proc:Seq] LDBInterface th=550c
09:41:40 [Proc:Seq] [LE94Base::ReadDatabaseItems] ModuleInfo Items <Ended> th=550c
09:41:40 [Proc:Seq] [LE94Base::ReadDatabaseItems]<Ended> th=550c
09:41:40 [Proc:Seq] [LE94Base::ReadDatabase]<Ended> success to read database table. th=550c
09:41:40 [Proc:Seq] [LE94Base::GetSpace]<Started> th=550c
09:41:40 [Proc:Seq] [LE94Base::GetSpace] MaxSpace: 10, QueuedCount: 0 th=550c
09:41:40 [Proc:Seq] [LE94Base::GetSpace]<Ended> th=550c
09:41:40 [Proc:Seq] [LE94Base::Initialize] result[0] th=550c
09:41:40 [Proc:Seq] [LE94_1106::Initialize] th=550c
09:41:40 [Proc:Seq] [LE94Base::SetSV]<Started> th=550c
09:41:40 [Proc:Seq] [LE94Base::GetSpace]<Started> th=550c
09:41:40 [Proc:Seq] [LE94Base::GetSpace] MaxSpace: 10, QueuedCount: 0 th=550c
09:41:40 [Proc:Seq] [LE94Base::GetSpace]<Ended> th=550c
09:41:40 [Proc:Seq] [LE94Base::SetSV]<Ended> th=550c
09:41:40 [Proc:Seq] [LE94_1106::Start] th=550c
09:41:40 [Proc:Seq] [LE94Base::EqConnectionStateChanged] nState(1) th=550c
09:41:40 [Proc:Seq] [LE94Base::RecvEqMsg]<Started> MsgID(0), Msg(GEMGetLicense) th=550c
09:41:40 [Proc:Seq] [LE94Base::RecvEqMsg]<Ended> MsgID(0), Msg(GEMGetLicense) th=550c
09:41:40 [Proc:Seq] [LE94Base::RecvEqMsg]<Started> MsgID(0), Msg(GEMGetParam) th=550c
09:41:40 [Proc:Seq] [LE94Base::RecvEqMsg]<Ended> MsgID(0), Msg(GEMGetParam) th=550c
09:41:40 [Proc:Seq] [LE94Base::RecvEqMsg]<Started> MsgID(0), Msg(GEMGetAttributeV) th=550c
09:41:40 [Proc:Seq] [LE94Base::RecvEqMsg]<Ended> MsgID(0), Msg(GEMGetAttributeV) th=550c
09:45:15 [Proc:Seq] [LE94Base::CommunicationStateChanged] nState(1) th=550c
09:45:15 [Proc:Seq] [LE94Base::EqConnectionStateChanged] nState(0) th=550c
09:54:01 [Proc:Seq] >>>>>>>>>>>>>>>>>>>>>>>  Logging Started  <<<<<<<<<<<<<<<<<<<<<<<< th=405c
09:54:01 [Proc:Seq] Build date time: Apr  1 2021 10:53:27 th=405c
09:54:01 [Proc:Seq] [LE94Base::InitXLog]<Ended> th=405c
09:54:01 [Proc:Seq] [LE94Base::ReadDatabase]<Started> th=405c
09:54:01 [Proc:Seq] Success to open database(MDB). th=405c
09:54:01 [Proc:Seq] [LE94Base::ReadDatabaseItems]<Started> th=405c
09:54:01 [Proc:Seq] [LE94Base::ReadDatabaseItems] Config Items <Started> th=405c
09:54:01 [Proc:Seq] LDBInterface th=405c
09:54:01 [Proc:Seq] LDBInterface th=405c
09:54:01 [Proc:Seq] LDBInterface th=405c
09:54:01 [Proc:Seq] LDBInterface th=405c
09:54:01 [Proc:Seq] LDBInterface th=405c
09:54:01 [Proc:Seq] LDBInterface th=405c
09:54:01 [Proc:Seq] LDBInterface th=405c
09:54:01 [Proc:Seq] LDBInterface th=405c
09:54:01 [Proc:Seq] LDBInterface th=405c
09:54:01 [Proc:Seq] LDBInterface th=405c
09:54:01 [Proc:Seq] LDBInterface th=405c
09:54:01 [Proc:Seq] LDBInterface th=405c
09:54:01 [Proc:Seq] LDBInterface th=405c
09:54:01 [Proc:Seq] LDBInterface th=405c
09:54:01 [Proc:Seq] LDBInterface th=405c
09:54:01 [Proc:Seq] LDBInterface th=405c
09:54:01 [Proc:Seq] LDBInterface th=405c
09:54:01 [Proc:Seq] LDBInterface th=405c
09:54:01 [Proc:Seq] LDBInterface th=405c
09:54:01 [Proc:Seq] LDBInterface th=405c
09:54:01 [Proc:Seq] LDBInterface th=405c
09:54:01 [Proc:Seq] LDBInterface th=405c
09:54:01 [Proc:Seq] LDBInterface th=405c
09:54:01 [Proc:Seq] LDBInterface th=405c
09:54:01 [Proc:Seq] LDBInterface th=405c
09:54:01 [Proc:Seq] LDBInterface th=405c
09:54:01 [Proc:Seq] LDBInterface th=405c
09:54:01 [Proc:Seq] LDBInterface th=405c
09:54:01 [Proc:Seq] LDBInterface th=405c
09:54:01 [Proc:Seq] LDBInterface th=405c
09:54:01 [Proc:Seq] LDBInterface th=405c
09:54:01 [Proc:Seq] LDBInterface th=405c
09:54:01 [Proc:Seq] LDBInterface th=405c
09:54:01 [Proc:Seq] LDBInterface th=405c
09:54:01 [Proc:Seq] LDBInterface th=405c
09:54:01 [Proc:Seq] LDBInterface th=405c
09:54:01 [Proc:Seq] LDBInterface th=405c
09:54:01 [Proc:Seq] LDBInterface th=405c
09:54:01 [Proc:Seq] LDBInterface th=405c
09:54:01 [Proc:Seq] LDBInterface th=405c
09:54:01 [Proc:Seq] LDBInterface th=405c
09:54:01 [Proc:Seq] LDBInterface th=405c
09:54:01 [Proc:Seq] LDBInterface th=405c
09:54:01 [Proc:Seq] LDBInterface th=405c
09:54:01 [Proc:Seq] LDBInterface th=405c
09:54:01 [Proc:Seq] LDBInterface th=405c
09:54:01 [Proc:Seq] LDBInterface th=405c
09:54:01 [Proc:Seq] LDBInterface th=405c
09:54:01 [Proc:Seq] LDBInterface th=405c
09:54:01 [Proc:Seq] [LE94Base::ReadDatabaseItems] Multi_PJ_Use: TRUE th=405c
09:54:01 [Proc:Seq] [LE94Base::ReadDatabaseItems] CJ_Queue_Max_Space: 10 th=405c
09:54:01 [Proc:Seq] [LE94Base::ReadDatabaseItems] Multi_CJ_Use: TRUE th=405c
09:54:01 [Proc:Seq] [LE94Base::ReadDatabaseItems] Equipment_Verifies_Job: FALSE th=405c
09:54:01 [Proc:Seq] [LE94Base::ReadDatabaseItems] Config Items <Ended> th=405c
09:54:01 [Proc:Seq] [LE94Base::ReadDatabaseItems] ModuleInfo Items <Ended> th=405c
09:54:01 [Proc:Seq] LDBInterface th=405c
09:54:01 [Proc:Seq] LDBInterface th=405c
09:54:01 [Proc:Seq] LDBInterface th=405c
09:54:01 [Proc:Seq] LDBInterface th=405c
09:54:01 [Proc:Seq] LDBInterface th=405c
09:54:01 [Proc:Seq] LDBInterface th=405c
09:54:01 [Proc:Seq] LDBInterface th=405c
09:54:01 [Proc:Seq] LDBInterface th=405c
09:54:01 [Proc:Seq] LDBInterface th=405c
09:54:01 [Proc:Seq] LDBInterface th=405c
09:54:01 [Proc:Seq] LDBInterface th=405c
09:54:01 [Proc:Seq] LDBInterface th=405c
09:54:01 [Proc:Seq] LDBInterface th=405c
09:54:01 [Proc:Seq] LDBInterface th=405c
09:54:01 [Proc:Seq] LDBInterface th=405c
09:54:01 [Proc:Seq] LDBInterface th=405c
09:54:01 [Proc:Seq] LDBInterface th=405c
09:54:01 [Proc:Seq] LDBInterface th=405c
09:54:01 [Proc:Seq] LDBInterface th=405c
09:54:01 [Proc:Seq] LDBInterface th=405c
09:54:01 [Proc:Seq] LDBInterface th=405c
09:54:01 [Proc:Seq] LDBInterface th=405c
09:54:01 [Proc:Seq] LDBInterface th=405c
09:54:01 [Proc:Seq] LDBInterface th=405c
09:54:01 [Proc:Seq] [LE94Base::ReadDatabaseItems] ModuleInfo Items <Ended> th=405c
09:54:01 [Proc:Seq] [LE94Base::ReadDatabaseItems]<Ended> th=405c
09:54:01 [Proc:Seq] [LE94Base::ReadDatabase]<Ended> success to read database table. th=405c
09:54:01 [Proc:Seq] [LE94Base::GetSpace]<Started> th=405c
09:54:01 [Proc:Seq] [LE94Base::GetSpace] MaxSpace: 10, QueuedCount: 0 th=405c
09:54:01 [Proc:Seq] [LE94Base::GetSpace]<Ended> th=405c
09:54:01 [Proc:Seq] [LE94Base::Initialize] result[0] th=405c
09:54:01 [Proc:Seq] [LE94_1106::Initialize] th=405c
09:54:01 [Proc:Seq] [LE94Base::SetSV]<Started> th=405c
09:54:01 [Proc:Seq] [LE94Base::GetSpace]<Started> th=405c
09:54:01 [Proc:Seq] [LE94Base::GetSpace] MaxSpace: 10, QueuedCount: 0 th=405c
09:54:01 [Proc:Seq] [LE94Base::GetSpace]<Ended> th=405c
09:54:01 [Proc:Seq] [LE94Base::SetSV]<Ended> th=405c
09:54:01 [Proc:Seq] [LE94_1106::Start] th=405c
09:54:01 [Proc:Seq] [LE94Base::EqConnectionStateChanged] nState(1) th=405c
09:54:01 [Proc:Seq] [LE94Base::RecvEqMsg]<Started> MsgID(0), Msg(GEMGetLicense) th=405c
09:54:01 [Proc:Seq] [LE94Base::RecvEqMsg]<Ended> MsgID(0), Msg(GEMGetLicense) th=405c
09:54:01 [Proc:Seq] [LE94Base::RecvEqMsg]<Started> MsgID(0), Msg(GEMGetParam) th=405c
09:54:01 [Proc:Seq] [LE94Base::RecvEqMsg]<Ended> MsgID(0), Msg(GEMGetParam) th=405c
09:54:01 [Proc:Seq] [LE94Base::RecvEqMsg]<Started> MsgID(0), Msg(GEMGetAttributeV) th=405c
09:54:01 [Proc:Seq] [LE94Base::RecvEqMsg]<Ended> MsgID(0), Msg(GEMGetAttributeV) th=405c
09:54:05 [Proc:Seq] [LE94Base::CommunicationStateChanged] nState(4) th=405c
09:54:05 [Proc:Seq] [LE94Base::RecvEqMsg]<Started> MsgID(0), Msg(GEMSetEstablish) th=405c
09:54:05 [Proc:Seq] [LE94Base::RecvEqMsg]<Ended> MsgID(0), Msg(GEMSetEstablish) th=405c
09:54:05 [Proc:Seq] [LE94Base::RecvEqMsg]<Started> MsgID(0), Msg(GEMReqControlState) th=405c
09:54:05 [Proc:Seq] [LE94Base::RecvEqMsg]<Ended> MsgID(0), Msg(GEMReqControlState) th=405c
09:54:05 [Proc:Seq] [LE94Base::RecvEqMsg]<Started> MsgID(0), Msg(CMSReqChangeServiceStatus) th=405c
09:54:05 [Proc:Seq] [LE94Base::RecvEqMsg]<Ended> MsgID(0), Msg(CMSReqChangeServiceStatus) th=405c
09:54:05 [Proc:Seq] [LE94Base::RecvEqMsg]<Started> MsgID(0), Msg(CMSReqChangeServiceStatus) th=405c
09:54:05 [Proc:Seq] [LE94Base::RecvEqMsg]<Ended> MsgID(0), Msg(CMSReqChangeServiceStatus) th=405c
09:54:05 [Proc:Seq] [LE94Base::RecvEqMsg]<Started> MsgID(0), Msg(CMSReqChangeAccess) th=405c
09:54:05 [Proc:Seq] [LE94Base::RecvEqMsg]<Ended> MsgID(0), Msg(CMSReqChangeAccess) th=405c
09:54:05 [Proc:Seq] [LE94Base::RecvEqMsg]<Started> MsgID(0), Msg(CMSReqChangeAccess) th=405c
09:54:05 [Proc:Seq] [LE94Base::RecvEqMsg]<Ended> MsgID(0), Msg(CMSReqChangeAccess) th=405c
09:54:07 [Proc:Seq] [LE94Base::RecvEqMsg]<Started> MsgID(0), Msg(GEMSetAlarm) th=405c
09:54:07 [Proc:Seq] [LE94Base::RecvEqMsg]<Ended> MsgID(0), Msg(GEMSetAlarm) th=405c
09:54:28 [Proc:Seq] [LE94Base::CommunicationStateChanged] nState(5) th=405c
09:54:28 [Proc:Seq] [LE94Base::ControlStateChanged] nState(1) th=405c
09:54:28 [Proc:Seq] [LE94Base::ControlStateChanged] nState(1) th=405c
09:54:28 [Proc:Seq] [LE94Base::RecvEqMsg]<Started> MsgID(0), Msg(GEMSetEstablish) th=405c
09:54:28 [Proc:Seq] [LE94Base::RecvEqMsg]<Ended> MsgID(0), Msg(GEMSetEstablish) th=405c
09:54:33 [Proc:Seq] [LE94Base::ControlStateChanged] nState(2) th=405c
09:54:33 [Proc:Seq] [LE94Base::RecvEqMsg]<Started> MsgID(0), Msg(GEMReqControlState) th=405c
09:54:33 [Proc:Seq] [LE94Base::RecvEqMsg]<Ended> MsgID(0), Msg(GEMReqControlState) th=405c
09:54:33 [Proc:Seq] [LE94Base::ControlStateChanged] nState(5) th=405c
09:54:33 [Proc:Seq] [LE94Base::RecvEqMsg]<Started> MsgID(0), Msg(CMSSetPresenceSensor) th=405c
09:54:33 [Proc:Seq] [LE94Base::RecvEqMsg]<Ended> MsgID(0), Msg(CMSSetPresenceSensor) th=405c
09:54:33 [Proc:Seq] [LE94Base::RecvEqMsg]<Started> MsgID(0), Msg(CMSSetCarrierOnOff) th=405c
09:54:33 [Proc:Seq] [LE94Base::RecvEqMsg]<Ended> MsgID(0), Msg(CMSSetCarrierOnOff) th=405c
09:54:33 [Proc:Seq] [LE94Base::RecvEqMsg]<Started> MsgID(0), Msg(CMSSetReadyToLoad) th=405c
09:54:33 [Proc:Seq] [LE94Base::RecvEqMsg]<Ended> MsgID(0), Msg(CMSSetReadyToLoad) th=405c
09:54:33 [Proc:Seq] [LE94Base::RecvEqMsg]<Started> MsgID(0), Msg(GEMReqControlState) th=405c
09:54:33 [Proc:Seq] [LE94Base::RecvEqMsg]<Ended> MsgID(0), Msg(GEMReqControlState) th=405c
09:54:33 [Proc:Seq] [LE94Base::RecvEqMsg]<Started> MsgID(0), Msg(CMSReqChangeAccess) th=405c
09:54:33 [Proc:Seq] [LE94Base::RecvEqMsg]<Ended> MsgID(0), Msg(CMSReqChangeAccess) th=405c
09:54:33 [Proc:Seq] [LE94Base::RecvEqMsg]<Started> MsgID(0), Msg(CMSSetLPInfo) th=405c
09:54:33 [Proc:Seq] [LE94Base::RecvEqMsg]<Ended> MsgID(0), Msg(CMSSetLPInfo) th=405c
09:54:33 [Proc:Seq] [LE94Base::RecvEqMsg]<Started> MsgID(0), Msg(CMSSetPresenceSensor) th=405c
09:54:33 [Proc:Seq] [LE94Base::RecvEqMsg]<Ended> MsgID(0), Msg(CMSSetPresenceSensor) th=405c
09:54:33 [Proc:Seq] [LE94Base::RecvEqMsg]<Started> MsgID(0), Msg(CMSSetCarrierOnOff) th=405c
09:54:33 [Proc:Seq] [LE94Base::RecvEqMsg]<Ended> MsgID(0), Msg(CMSSetCarrierOnOff) th=405c
09:54:33 [Proc:Seq] [LE94Base::RecvEqMsg]<Started> MsgID(0), Msg(CMSSetReadyToLoad) th=405c
09:54:33 [Proc:Seq] [LE94Base::RecvEqMsg]<Ended> MsgID(0), Msg(CMSSetReadyToLoad) th=405c
09:54:33 [Proc:Seq] [LE94Base::RecvEqMsg]<Started> MsgID(0), Msg(CMSReqChangeAccess) th=405c
09:54:33 [Proc:Seq] [LE94Base::RecvEqMsg]<Ended> MsgID(0), Msg(CMSReqChangeAccess) th=405c
09:54:33 [Proc:Seq] [LE94Base::RecvEqMsg]<Started> MsgID(0), Msg(CMSSetLPInfo) th=405c
09:54:33 [Proc:Seq] [LE94Base::RecvEqMsg]<Ended> MsgID(0), Msg(CMSSetLPInfo) th=405c
09:54:33 [Proc:Seq] [LE94Base::RecvEqMsg]<Started> MsgID(0), Msg(CMSSetPresenceSensor) th=405c
09:54:33 [Proc:Seq] [LE94Base::RecvEqMsg]<Ended> MsgID(0), Msg(CMSSetPresenceSensor) th=405c
09:54:33 [Proc:Seq] [LE94Base::RecvEqMsg]<Started> MsgID(0), Msg(CMSSetCarrierOnOff) th=405c
09:54:33 [Proc:Seq] [LE94Base::RecvEqMsg]<Ended> MsgID(0), Msg(CMSSetCarrierOnOff) th=405c
09:54:33 [Proc:Seq] [LE94Base::RecvEqMsg]<Started> MsgID(0), Msg(CMSSetReadyToLoad) th=405c
09:54:33 [Proc:Seq] [LE94Base::RecvEqMsg]<Ended> MsgID(0), Msg(CMSSetReadyToLoad) th=405c
09:54:33 [Proc:Seq] [LE94Base::RecvEqMsg]<Started> MsgID(0), Msg(CMSReqChangeAccess) th=405c
09:54:33 [Proc:Seq] [LE94Base::RecvEqMsg]<Ended> MsgID(0), Msg(CMSReqChangeAccess) th=405c
09:54:33 [Proc:Seq] [LE94Base::RecvEqMsg]<Started> MsgID(0), Msg(CMSSetLPInfo) th=405c
09:54:33 [Proc:Seq] [LE94Base::RecvEqMsg]<Ended> MsgID(0), Msg(CMSSetLPInfo) th=405c
09:56:24 [Proc:Seq] [LE94Base::RecvEqMsg]<Started> MsgID(1), Msg(GEMSetVariable) th=405c
09:56:24 [Proc:Seq] [LE94Base::RecvEqMsg]<Ended> MsgID(1), Msg(GEMSetVariable) th=405c
